<?xml version="1.0" encoding="UTF-8"?>
<!-- Generated by org.testng.reporters.JUnitReportReporter -->
<testsuite skipped="0" hostname="IB-SEZ-LAP-294" name="getRequest.myApis" tests="2" failures="0" timestamp="13 Jun 2020 07:19:28 GMT" time="2.728" errors="0">
  <testcase name="getEmpDetails" time="2.580" classname="getRequest.myApis"/>
  <testcase name="addEmployee" time="0.148" classname="getRequest.myApis"/>
</testsuite> <!-- getRequest.myApis -->
