<?xml version="1.0" encoding="UTF-8"?>
<!-- Generated by org.testng.reporters.JUnitReportReporter -->
<testsuite skipped="0" hostname="IB-SEZ-LAP-294" name="getRequest.Weather" tests="1" failures="0" timestamp="12 Jun 2020 16:01:56 GMT" time="7.362" errors="0">
  <testcase name="getEmpDetails" time="7.362" classname="getRequest.Weather"/>
</testsuite> <!-- getRequest.Weather -->
